# JRE version: OpenJDK Runtime Environment (8.0_202-b03) (build 1.8.0_202-release-1483-b03)
# Java VM: OpenJDK 64-Bit Server VM (25.202-b03 mixed mode windows-amd64 compressed oops)
Heap:
 PSYoungGen      total 132608K, used 86409K [0x00000000f5580000, 0x0000000100000000, 0x0000000100000000)
  eden space 111104K, 58% used [0x00000000f5580000,0x00000000f94e6f90,0x00000000fc200000)
  from space 21504K, 99% used [0x00000000feb00000,0x00000000ffffb4c8,0x0000000100000000)
  to   space 31744K, 0% used [0x00000000fc200000,0x00000000fc200000,0x00000000fe100000)
 ParOldGen       total 297984K, used 49659K [0x00000000e0000000, 0x00000000f2300000, 0x00000000f5580000)
  object space 297984K, 16% used [0x00000000e0000000,0x00000000e307ee58,0x00000000f2300000)
 Metaspace       used 83488K, capacity 86474K, committed 86616K, reserved 1124352K
  class space    used 10881K, capacity 11530K, committed 11648K, reserved 1048576K
GC Heap History (10 events):
Event: 371.813 GC heap before
{Heap before GC invocations=13 (full 3):
 PSYoungGen      total 129536K, used 112640K [0x00000000f5580000, 0x00000000ffc80000, 0x0000000100000000)
  eden space 112640K, 100% used [0x00000000f5580000,0x00000000fc380000,0x00000000fc380000)
  from space 16896K, 0% used [0x00000000fc380000,0x00000000fc380000,0x00000000fd400000)
  to   space 19456K, 0% used [0x00000000fe980000,0x00000000fe980000,0x00000000ffc80000)
 ParOldGen       total 297984K, used 32872K [0x00000000e0000000, 0x00000000f2300000, 0x00000000f5580000)
  object space 297984K, 11% used [0x00000000e0000000,0x00000000e201a348,0x00000000f2300000)
 Metaspace       used 64186K, capacity 66046K, committed 66136K, reserved 1105920K
  class space    used 8534K, capacity 9030K, committed 9088K, reserved 1048576K
Event: 371.830 GC heap after
Heap after GC invocations=13 (full 3):
 PSYoungGen      total 137216K, used 12718K [0x00000000f5580000, 0x00000000ff600000, 0x0000000100000000)
  eden space 124416K, 0% used [0x00000000f5580000,0x00000000f5580000,0x00000000fcf00000)
  from space 12800K, 99% used [0x00000000fe980000,0x00000000ff5ebaf0,0x00000000ff600000)
  to   space 19456K, 0% used [0x00000000fd000000,0x00000000fd000000,0x00000000fe300000)
 ParOldGen       total 297984K, used 32880K [0x00000000e0000000, 0x00000000f2300000, 0x00000000f5580000)
  object space 297984K, 11% used [0x00000000e0000000,0x00000000e201c348,0x00000000f2300000)
 Metaspace       used 64186K, capacity 66046K, committed 66136K, reserved 1105920K
  class space    used 8534K, capacity 9030K, committed 9088K, reserved 1048576K
}
Event: 374.810 GC heap before
{Heap before GC invocations=14 (full 3):
 PSYoungGen      total 137216K, used 137124K [0x00000000f5580000, 0x00000000ff600000, 0x0000000100000000)
  eden space 124416K, 99% used [0x00000000f5580000,0x00000000fcefd7f8,0x00000000fcf00000)
  from space 12800K, 99% used [0x00000000fe980000,0x00000000ff5ebaf0,0x00000000ff600000)
  to   space 19456K, 0% used [0x00000000fd000000,0x00000000fd000000,0x00000000fe300000)
 ParOldGen       total 297984K, used 32880K [0x00000000e0000000, 0x00000000f2300000, 0x00000000f5580000)
  object space 297984K, 11% used [0x00000000e0000000,0x00000000e201c348,0x00000000f2300000)
 Metaspace       used 67175K, capacity 69312K, committed 69592K, reserved 1110016K
  class space    used 8861K, capacity 9375K, committed 9472K, reserved 1048576K
Event: 374.824 GC heap after
Heap after GC invocations=14 (full 3):
 PSYoungGen      total 144896K, used 14848K [0x00000000f5580000, 0x0000000100000000, 0x0000000100000000)
  eden space 125440K, 0% used [0x00000000f5580000,0x00000000f5580000,0x00000000fd000000)
  from space 19456K, 76% used [0x00000000fd000000,0x00000000fde80028,0x00000000fe300000)
  to   space 19968K, 0% used [0x00000000fec80000,0x00000000fec80000,0x0000000100000000)
 ParOldGen       total 297984K, used 32888K [0x00000000e0000000, 0x00000000f2300000, 0x00000000f5580000)
  object space 297984K, 11% used [0x00000000e0000000,0x00000000e201e348,0x00000000f2300000)
 Metaspace       used 67175K, capacity 69312K, committed 69592K, reserved 1110016K
  class space    used 8861K, capacity 9375K, committed 9472K, reserved 1048576K
}
Event: 377.707 GC heap before
{Heap before GC invocations=15 (full 3):
 PSYoungGen      total 144896K, used 140288K [0x00000000f5580000, 0x0000000100000000, 0x0000000100000000)
  eden space 125440K, 100% used [0x00000000f5580000,0x00000000fd000000,0x00000000fd000000)
  from space 19456K, 76% used [0x00000000fd000000,0x00000000fde80028,0x00000000fe300000)
  to   space 19968K, 0% used [0x00000000fec80000,0x00000000fec80000,0x0000000100000000)
 ParOldGen       total 297984K, used 32888K [0x00000000e0000000, 0x00000000f2300000, 0x00000000f5580000)
  object space 297984K, 11% used [0x00000000e0000000,0x00000000e201e348,0x00000000f2300000)
 Metaspace       used 70057K, capacity 72332K, committed 72536K, reserved 1112064K
  class space    used 9203K, capacity 9775K, committed 9856K, reserved 1048576K
Event: 377.721 GC heap after
Heap after GC invocations=15 (full 3):
 PSYoungGen      total 151552K, used 19209K [0x00000000f5580000, 0x0000000100000000, 0x0000000100000000)
  eden space 131584K, 0% used [0x00000000f5580000,0x00000000f5580000,0x00000000fd600000)
  from space 19968K, 96% used [0x00000000fec80000,0x00000000fff42668,0x0000000100000000)
  to   space 21504K, 0% used [0x00000000fd600000,0x00000000fd600000,0x00000000feb00000)
 ParOldGen       total 297984K, used 32896K [0x00000000e0000000, 0x00000000f2300000, 0x00000000f5580000)
  object space 297984K, 11% used [0x00000000e0000000,0x00000000e2020348,0x00000000f2300000)
 Metaspace       used 70057K, capacity 72332K, committed 72536K, reserved 1112064K
  class space    used 9203K, capacity 9775K, committed 9856K, reserved 1048576K
}
Event: 379.689 GC heap before
{Heap before GC invocations=16 (full 3):
 PSYoungGen      total 151552K, used 150793K [0x00000000f5580000, 0x0000000100000000, 0x0000000100000000)
  eden space 131584K, 100% used [0x00000000f5580000,0x00000000fd600000,0x00000000fd600000)
  from space 19968K, 96% used [0x00000000fec80000,0x00000000fff42668,0x0000000100000000)
  to   space 21504K, 0% used [0x00000000fd600000,0x00000000fd600000,0x00000000feb00000)
 ParOldGen       total 297984K, used 32896K [0x00000000e0000000, 0x00000000f2300000, 0x00000000f5580000)
  object space 297984K, 11% used [0x00000000e0000000,0x00000000e2020348,0x00000000f2300000)
 Metaspace       used 78828K, capacity 81278K, committed 81496K, reserved 1120256K
  class space    used 10305K, capacity 10870K, committed 10880K, reserved 1048576K
Event: 379.715 GC heap after
Heap after GC invocations=16 (full 3):
 PSYoungGen      total 153088K, used 21493K [0x00000000f5580000, 0x0000000100000000, 0x0000000100000000)
  eden space 131584K, 0% used [0x00000000f5580000,0x00000000f5580000,0x00000000fd600000)
  from space 21504K, 99% used [0x00000000fd600000,0x00000000feafd7e0,0x00000000feb00000)
  to   space 21504K, 0% used [0x00000000feb00000,0x00000000feb00000,0x0000000100000000)
 ParOldGen       total 297984K, used 42918K [0x00000000e0000000, 0x00000000f2300000, 0x00000000f5580000)
  object space 297984K, 14% used [0x00000000e0000000,0x00000000e29e99e8,0x00000000f2300000)
 Metaspace       used 78828K, capacity 81278K, committed 81496K, reserved 1120256K
  class space    used 10305K, capacity 10870K, committed 10880K, reserved 1048576K
}
Event: 381.171 GC heap before
{Heap before GC invocations=17 (full 3):
 PSYoungGen      total 153088K, used 153077K [0x00000000f5580000, 0x0000000100000000, 0x0000000100000000)
  eden space 131584K, 100% used [0x00000000f5580000,0x00000000fd600000,0x00000000fd600000)
  from space 21504K, 99% used [0x00000000fd600000,0x00000000feafd7e0,0x00000000feb00000)
  to   space 21504K, 0% used [0x00000000feb00000,0x00000000feb00000,0x0000000100000000)
 ParOldGen       total 297984K, used 42918K [0x00000000e0000000, 0x00000000f2300000, 0x00000000f5580000)
  object space 297984K, 14% used [0x00000000e0000000,0x00000000e29e99e8,0x00000000f2300000)
 Metaspace       used 82976K, capacity 85942K, committed 85976K, reserved 1124352K
  class space    used 10855K, capacity 11520K, committed 11520K, reserved 1048576K
Event: 381.189 GC heap after
Heap after GC invocations=17 (full 3):
 PSYoungGen      total 132608K, used 21485K [0x00000000f5580000, 0x0000000100000000, 0x0000000100000000)
  eden space 111104K, 0% used [0x00000000f5580000,0x00000000f5580000,0x00000000fc200000)
  from space 21504K, 99% used [0x00000000feb00000,0x00000000ffffb4c8,0x0000000100000000)
  to   space 31744K, 0% used [0x00000000fc200000,0x00000000fc200000,0x00000000fe100000)
 ParOldGen       total 297984K, used 49659K [0x00000000e0000000, 0x00000000f2300000, 0x00000000f5580000)
  object space 297984K, 16% used [0x00000000e0000000,0x00000000e307ee58,0x00000000f2300000)
 Metaspace       used 82976K, capacity 85942K, committed 85976K, reserved 1124352K
  class space    used 10855K, capacity 11520K, committed 11520K, reserved 1048576K
}

