# JRE version: OpenJDK Runtime Environment (8.0_202-b03) (build 1.8.0_202-release-1483-b03)
# Java VM: OpenJDK 64-Bit Server VM (25.202-b03 mixed mode windows-amd64 compressed oops)
Heap:
 PSYoungGen      total 116736K, used 88466K [0x00000000f5580000, 0x0000000100000000, 0x0000000100000000)
  eden space 58880K, 98% used [0x00000000f5580000,0x00000000f8e110d8,0x00000000f8f00000)
  from space 57856K, 52% used [0x00000000fc780000,0x00000000fe553770,0x0000000100000000)
  to   space 57856K, 0% used [0x00000000f8f00000,0x00000000f8f00000,0x00000000fc780000)
 ParOldGen       total 349696K, used 169863K [0x00000000e0000000, 0x00000000f5580000, 0x00000000f5580000)
  object space 349696K, 48% used [0x00000000e0000000,0x00000000ea5e1ce8,0x00000000f5580000)
 Metaspace       used 79396K, capacity 82592K, committed 82776K, reserved 1120256K
  class space    used 10405K, capacity 11079K, committed 11136K, reserved 1048576K
GC Heap History (10 events):
Event: 20.226 GC heap before
{Heap before GC invocations=32 (full 3):
 PSYoungGen      total 116736K, used 77286K [0x00000000f5580000, 0x0000000100000000, 0x0000000100000000)
  eden space 58880K, 100% used [0x00000000f5580000,0x00000000f8f00000,0x00000000f8f00000)
  from space 57856K, 31% used [0x00000000fc780000,0x00000000fd979b78,0x0000000100000000)
  to   space 57856K, 0% used [0x00000000f8f00000,0x00000000f8f00000,0x00000000fc780000)
 ParOldGen       total 306176K, used 256776K [0x00000000e0000000, 0x00000000f2b00000, 0x00000000f5580000)
  object space 306176K, 83% used [0x00000000e0000000,0x00000000efac22b8,0x00000000f2b00000)
 Metaspace       used 75302K, capacity 78376K, committed 78552K, reserved 1118208K
  class space    used 10078K, capacity 10701K, committed 10752K, reserved 1048576K
Event: 20.236 GC heap after
Heap after GC invocations=32 (full 3):
 PSYoungGen      total 116736K, used 21927K [0x00000000f5580000, 0x0000000100000000, 0x0000000100000000)
  eden space 58880K, 0% used [0x00000000f5580000,0x00000000f5580000,0x00000000f8f00000)
  from space 57856K, 37% used [0x00000000f8f00000,0x00000000fa469d88,0x00000000fc780000)
  to   space 57856K, 0% used [0x00000000fc780000,0x00000000fc780000,0x0000000100000000)
 ParOldGen       total 306176K, used 279577K [0x00000000e0000000, 0x00000000f2b00000, 0x00000000f5580000)
  object space 306176K, 91% used [0x00000000e0000000,0x00000000f1106618,0x00000000f2b00000)
 Metaspace       used 75302K, capacity 78376K, committed 78552K, reserved 1118208K
  class space    used 10078K, capacity 10701K, committed 10752K, reserved 1048576K
}
Event: 20.236 GC heap before
{Heap before GC invocations=33 (full 4):
 PSYoungGen      total 116736K, used 21927K [0x00000000f5580000, 0x0000000100000000, 0x0000000100000000)
  eden space 58880K, 0% used [0x00000000f5580000,0x00000000f5580000,0x00000000f8f00000)
  from space 57856K, 37% used [0x00000000f8f00000,0x00000000fa469d88,0x00000000fc780000)
  to   space 57856K, 0% used [0x00000000fc780000,0x00000000fc780000,0x0000000100000000)
 ParOldGen       total 306176K, used 279577K [0x00000000e0000000, 0x00000000f2b00000, 0x00000000f5580000)
  object space 306176K, 91% used [0x00000000e0000000,0x00000000f1106618,0x00000000f2b00000)
 Metaspace       used 75302K, capacity 78376K, committed 78552K, reserved 1118208K
  class space    used 10078K, capacity 10701K, committed 10752K, reserved 1048576K
Event: 20.353 GC heap after
Heap after GC invocations=33 (full 4):
 PSYoungGen      total 116736K, used 0K [0x00000000f5580000, 0x0000000100000000, 0x0000000100000000)
  eden space 58880K, 0% used [0x00000000f5580000,0x00000000f5580000,0x00000000f8f00000)
  from space 57856K, 0% used [0x00000000f8f00000,0x00000000f8f00000,0x00000000fc780000)
  to   space 57856K, 0% used [0x00000000fc780000,0x00000000fc780000,0x0000000100000000)
 ParOldGen       total 349696K, used 112842K [0x00000000e0000000, 0x00000000f5580000, 0x00000000f5580000)
  object space 349696K, 32% used [0x00000000e0000000,0x00000000e6e329c0,0x00000000f5580000)
 Metaspace       used 75292K, capacity 78344K, committed 78552K, reserved 1118208K
  class space    used 10075K, capacity 10695K, committed 10752K, reserved 1048576K
}
Event: 20.733 GC heap before
{Heap before GC invocations=34 (full 4):
 PSYoungGen      total 116736K, used 58880K [0x00000000f5580000, 0x0000000100000000, 0x0000000100000000)
  eden space 58880K, 100% used [0x00000000f5580000,0x00000000f8f00000,0x00000000f8f00000)
  from space 57856K, 0% used [0x00000000f8f00000,0x00000000f8f00000,0x00000000fc780000)
  to   space 57856K, 0% used [0x00000000fc780000,0x00000000fc780000,0x0000000100000000)
 ParOldGen       total 349696K, used 112915K [0x00000000e0000000, 0x00000000f5580000, 0x00000000f5580000)
  object space 349696K, 32% used [0x00000000e0000000,0x00000000e6e44c50,0x00000000f5580000)
 Metaspace       used 75299K, capacity 78358K, committed 78552K, reserved 1118208K
  class space    used 10077K, capacity 10700K, committed 10752K, reserved 1048576K
Event: 20.738 GC heap after
Heap after GC invocations=34 (full 4):
 PSYoungGen      total 116736K, used 29356K [0x00000000f5580000, 0x0000000100000000, 0x0000000100000000)
  eden space 58880K, 0% used [0x00000000f5580000,0x00000000f5580000,0x00000000f8f00000)
  from space 57856K, 50% used [0x00000000fc780000,0x00000000fe42b0c8,0x0000000100000000)
  to   space 57856K, 0% used [0x00000000f8f00000,0x00000000f8f00000,0x00000000fc780000)
 ParOldGen       total 349696K, used 112923K [0x00000000e0000000, 0x00000000f5580000, 0x00000000f5580000)
  object space 349696K, 32% used [0x00000000e0000000,0x00000000e6e46c50,0x00000000f5580000)
 Metaspace       used 75299K, capacity 78358K, committed 78552K, reserved 1118208K
  class space    used 10077K, capacity 10700K, committed 10752K, reserved 1048576K
}
Event: 21.258 GC heap before
{Heap before GC invocations=35 (full 4):
 PSYoungGen      total 116736K, used 88236K [0x00000000f5580000, 0x0000000100000000, 0x0000000100000000)
  eden space 58880K, 100% used [0x00000000f5580000,0x00000000f8f00000,0x00000000f8f00000)
  from space 57856K, 50% used [0x00000000fc780000,0x00000000fe42b0c8,0x0000000100000000)
  to   space 57856K, 0% used [0x00000000f8f00000,0x00000000f8f00000,0x00000000fc780000)
 ParOldGen       total 349696K, used 113051K [0x00000000e0000000, 0x00000000f5580000, 0x00000000f5580000)
  object space 349696K, 32% used [0x00000000e0000000,0x00000000e6e66c60,0x00000000f5580000)
 Metaspace       used 75308K, capacity 78366K, committed 78552K, reserved 1118208K
  class space    used 10077K, capacity 10700K, committed 10752K, reserved 1048576K
Event: 21.263 GC heap after
Heap after GC invocations=35 (full 4):
 PSYoungGen      total 116736K, used 20990K [0x00000000f5580000, 0x0000000100000000, 0x0000000100000000)
  eden space 58880K, 0% used [0x00000000f5580000,0x00000000f5580000,0x00000000f8f00000)
  from space 57856K, 36% used [0x00000000f8f00000,0x00000000fa37fb10,0x00000000fc780000)
  to   space 57856K, 0% used [0x00000000fc780000,0x00000000fc780000,0x0000000100000000)
 ParOldGen       total 349696K, used 138967K [0x00000000e0000000, 0x00000000f5580000, 0x00000000f5580000)
  object space 349696K, 39% used [0x00000000e0000000,0x00000000e87b5fb0,0x00000000f5580000)
 Metaspace       used 75308K, capacity 78366K, committed 78552K, reserved 1118208K
  class space    used 10077K, capacity 10700K, committed 10752K, reserved 1048576K
}
Event: 22.596 GC heap before
{Heap before GC invocations=36 (full 4):
 PSYoungGen      total 116736K, used 79870K [0x00000000f5580000, 0x0000000100000000, 0x0000000100000000)
  eden space 58880K, 100% used [0x00000000f5580000,0x00000000f8f00000,0x00000000f8f00000)
  from space 57856K, 36% used [0x00000000f8f00000,0x00000000fa37fb10,0x00000000fc780000)
  to   space 57856K, 0% used [0x00000000fc780000,0x00000000fc780000,0x0000000100000000)
 ParOldGen       total 349696K, used 154127K [0x00000000e0000000, 0x00000000f5580000, 0x00000000f5580000)
  object space 349696K, 44% used [0x00000000e0000000,0x00000000e9683ed0,0x00000000f5580000)
 Metaspace       used 75446K, capacity 78482K, committed 78552K, reserved 1118208K
  class space    used 10102K, capacity 10736K, committed 10752K, reserved 1048576K
Event: 22.601 GC heap after
Heap after GC invocations=36 (full 4):
 PSYoungGen      total 116736K, used 30541K [0x00000000f5580000, 0x0000000100000000, 0x0000000100000000)
  eden space 58880K, 0% used [0x00000000f5580000,0x00000000f5580000,0x00000000f8f00000)
  from space 57856K, 52% used [0x00000000fc780000,0x00000000fe553770,0x0000000100000000)
  to   space 57856K, 0% used [0x00000000f8f00000,0x00000000f8f00000,0x00000000fc780000)
 ParOldGen       total 349696K, used 169863K [0x00000000e0000000, 0x00000000f5580000, 0x00000000f5580000)
  object space 349696K, 48% used [0x00000000e0000000,0x00000000ea5e1ce8,0x00000000f5580000)
 Metaspace       used 75446K, capacity 78482K, committed 78552K, reserved 1118208K
  class space    used 10102K, capacity 10736K, committed 10752K, reserved 1048576K
}

